<?xml version="1.0" encoding="UTF-8"?>
<testsuite name="CardDeliveryTest" tests="11" skipped="0" failures="0" errors="0" timestamp="2023-07-04T20:01:05" hostname="LAPTOP-JDNOG07K" time="43.84">
  <properties/>
  <testcase name="shouldEnterEmptyPhone()" classname="CardDeliveryTest" time="10.584"/>
  <testcase name="shouldEnterIncorrectCity()" classname="CardDeliveryTest" time="1.35"/>
  <testcase name="shouldEnterIncorrectDate()" classname="CardDeliveryTest" time="1.211"/>
  <testcase name="shouldEnterIncorrectName()" classname="CardDeliveryTest" time="1.083"/>
  <testcase name="shouldEnterIncorrectPhone()" classname="CardDeliveryTest" time="1.154"/>
  <testcase name="shouldEnterHappyDateBySearchCityOfList()" classname="CardDeliveryTest" time="11.419"/>
  <testcase name="shouldEnterIncorrectCheckbox()" classname="CardDeliveryTest" time="1.201"/>
  <testcase name="shouldEnterHappyDate()" classname="CardDeliveryTest" time="11.269"/>
  <testcase name="shouldEnterEmptyCity()" classname="CardDeliveryTest" time="1.627"/>
  <testcase name="shouldEnterEmptyDate()" classname="CardDeliveryTest" time="1.771"/>
  <testcase name="shouldEnterEmptyName()" classname="CardDeliveryTest" time="1.166"/>
  <system-out><![CDATA[]]></system-out>
  <system-err><![CDATA[SLF4J: No SLF4J providers were found.
SLF4J: Defaulting to no-operation (NOP) logger implementation
SLF4J: See https://www.slf4j.org/codes.html#noProviders for further details.
Starting ChromeDriver 114.0.5735.90 (386bc09e8f4f2e025eddae123f36f6263096ae49-refs/branch-heads/5735@{#1052}) on port 23055
Only local connections are allowed.
Please see https://chromedriver.chromium.org/security-considerations for suggestions on keeping ChromeDriver safe.
ChromeDriver was started successfully.
июл. 04, 2023 11:01:10 PM org.openqa.selenium.devtools.CdpVersionFinder findNearestMatch
WARNING: Unable to find an exact match for CDP version 114, so returning the closest version found: 111
]]></system-err>
</testsuite>
